<component name="libraryTable">
  <library name="junit_junit_4.10">
    <CLASSES>
      <root url="jar://$USER_HOME$/.ivy2/cache/junit/junit/jars/junit-4.10.jar!/" />
    </CLASSES>
    <JAVADOC />
    <SOURCES />
  </library>
</component>